{"/Users/akhilthomas/Desktop/blog/app.js": {"path":"/Users/akhilthomas/Desktop/blog/app.js","statementMap":{"0":{"start":{"line":1,"column":16},"end":{"line":1,"column":34}},"1":{"start":{"line":2,"column":13},"end":{"line":2,"column":28}},"2":{"start":{"line":3,"column":19},"end":{"line":3,"column":43}},"3":{"start":{"line":4,"column":23},"end":{"line":4,"column":51}},"4":{"start":{"line":5,"column":22},"end":{"line":5,"column":50}},"5":{"start":{"line":8,"column":12},"end":{"line":8,"column":21}},"6":{"start":{"line":9,"column":0},"end":{"line":9,"column":15}},"7":{"start":{"line":10,"column":0},"end":{"line":10,"column":23}},"8":{"start":{"line":13,"column":0},"end":{"line":13,"column":35}},"9":{"start":{"line":14,"column":0},"end":{"line":14,"column":28}},"10":{"start":{"line":15,"column":0},"end":{"line":15,"column":34}},"11":{"start":{"line":17,"column":0},"end":{"line":17,"column":20}}},"fnMap":{},"branchMap":{},"s":{"0":4,"1":4,"2":4,"3":4,"4":4,"5":4,"6":4,"7":4,"8":4,"9":4,"10":4,"11":4},"f":{},"b":{},"_coverageSchema":"1a1c01bbd47fc00a2c39e90264f33305004495a9","hash":"9c9d43b112caf09e116957c885d4523c0e72c464"}
,"/Users/akhilthomas/Desktop/blog/server.js": {"path":"/Users/akhilthomas/Desktop/blog/server.js","statementMap":{"0":{"start":{"line":1,"column":12},"end":{"line":1,"column":28}},"1":{"start":{"line":2,"column":13},"end":{"line":2,"column":37}},"2":{"start":{"line":4,"column":0},"end":{"line":6,"column":2}},"3":{"start":{"line":5,"column":4},"end":{"line":5,"column":51}}},"fnMap":{"0":{"name":"(anonymous_0)","decl":{"start":{"line":4,"column":16},"end":{"line":4,"column":17}},"loc":{"start":{"line":4,"column":20},"end":{"line":6,"column":1}},"line":4}},"branchMap":{"0":{"loc":{"start":{"line":2,"column":13},"end":{"line":2,"column":37}},"type":"binary-expr","locations":[{"start":{"line":2,"column":13},"end":{"line":2,"column":29}},{"start":{"line":2,"column":33},"end":{"line":2,"column":37}}],"line":2}},"s":{"0":1,"1":1,"2":1,"3":0},"f":{"0":0},"b":{"0":[1,1]},"_coverageSchema":"1a1c01bbd47fc00a2c39e90264f33305004495a9","hash":"51015d0515766b195e67ab83d4ac025172d1a052"}
,"/Users/akhilthomas/Desktop/blog/config/connectDb.js": {"path":"/Users/akhilthomas/Desktop/blog/config/connectDb.js","statementMap":{"0":{"start":{"line":1,"column":14},"end":{"line":1,"column":30}},"1":{"start":{"line":2,"column":15},"end":{"line":2,"column":32}},"2":{"start":{"line":3,"column":13},"end":{"line":3,"column":31}},"3":{"start":{"line":4,"column":13},"end":{"line":4,"column":31}},"4":{"start":{"line":5,"column":17},"end":{"line":5,"column":39}},"5":{"start":{"line":6,"column":13},"end":{"line":6,"column":31}},"6":{"start":{"line":8,"column":11},"end":{"line":8,"column":38}},"7":{"start":{"line":9,"column":19},"end":{"line":9,"column":45}},"8":{"start":{"line":12,"column":0},"end":{"line":19,"column":5}},"9":{"start":{"line":13,"column":4},"end":{"line":16,"column":5}},"10":{"start":{"line":14,"column":6},"end":{"line":14,"column":64}},"11":{"start":{"line":15,"column":6},"end":{"line":15,"column":13}},"12":{"start":{"line":17,"column":4},"end":{"line":17,"column":49}},"13":{"start":{"line":21,"column":0},"end":{"line":21,"column":27}}},"fnMap":{"0":{"name":"(anonymous_0)","decl":{"start":{"line":12,"column":19},"end":{"line":12,"column":20}},"loc":{"start":{"line":12,"column":33},"end":{"line":19,"column":3}},"line":12}},"branchMap":{"0":{"loc":{"start":{"line":13,"column":4},"end":{"line":16,"column":5}},"type":"if","locations":[{"start":{"line":13,"column":4},"end":{"line":16,"column":5}},{"start":{"line":13,"column":4},"end":{"line":16,"column":5}}],"line":13}},"s":{"0":4,"1":4,"2":4,"3":4,"4":4,"5":4,"6":4,"7":4,"8":4,"9":3,"10":0,"11":0,"12":3,"13":4},"f":{"0":3},"b":{"0":[0,3]},"_coverageSchema":"1a1c01bbd47fc00a2c39e90264f33305004495a9","hash":"5a3f1c467676619899245b90e642b7dcc7b383c3"}
,"/Users/akhilthomas/Desktop/blog/config/queryDB.js": {"path":"/Users/akhilthomas/Desktop/blog/config/queryDB.js","statementMap":{"0":{"start":{"line":1,"column":19},"end":{"line":1,"column":41}},"1":{"start":{"line":3,"column":0},"end":{"line":12,"column":1}},"2":{"start":{"line":5,"column":3},"end":{"line":11,"column":6}},"3":{"start":{"line":6,"column":8},"end":{"line":10,"column":10}},"4":{"start":{"line":8,"column":12},"end":{"line":8,"column":31}},"5":{"start":{"line":8,"column":20},"end":{"line":8,"column":31}},"6":{"start":{"line":9,"column":12},"end":{"line":9,"column":27}}},"fnMap":{"0":{"name":"(anonymous_0)","decl":{"start":{"line":3,"column":17},"end":{"line":3,"column":18}},"loc":{"start":{"line":3,"column":52},"end":{"line":12,"column":1}},"line":3},"1":{"name":"(anonymous_1)","decl":{"start":{"line":5,"column":22},"end":{"line":5,"column":23}},"loc":{"start":{"line":5,"column":40},"end":{"line":11,"column":5}},"line":5},"2":{"name":"(anonymous_2)","decl":{"start":{"line":6,"column":51},"end":{"line":6,"column":52}},"loc":{"start":{"line":6,"column":65},"end":{"line":10,"column":9}},"line":6}},"branchMap":{"0":{"loc":{"start":{"line":8,"column":12},"end":{"line":8,"column":31}},"type":"if","locations":[{"start":{"line":8,"column":12},"end":{"line":8,"column":31}},{"start":{"line":8,"column":12},"end":{"line":8,"column":31}}],"line":8}},"s":{"0":4,"1":4,"2":11,"3":11,"4":11,"5":0,"6":11},"f":{"0":11,"1":11,"2":11},"b":{"0":[0,11]},"_coverageSchema":"1a1c01bbd47fc00a2c39e90264f33305004495a9","hash":"7c573b6f76b943df914296702cdc481aea84b70e"}
,"/Users/akhilthomas/Desktop/blog/routes/articles.js": {"path":"/Users/akhilthomas/Desktop/blog/routes/articles.js","statementMap":{"0":{"start":{"line":1,"column":15},"end":{"line":1,"column":42}},"1":{"start":{"line":2,"column":13},"end":{"line":2,"column":42}},"2":{"start":{"line":3,"column":14},"end":{"line":3,"column":42}},"3":{"start":{"line":5,"column":0},"end":{"line":16,"column":2}},"4":{"start":{"line":6,"column":4},"end":{"line":15,"column":5}},"5":{"start":{"line":7,"column":20},"end":{"line":7,"column":49}},"6":{"start":{"line":8,"column":23},"end":{"line":10,"column":37}},"7":{"start":{"line":9,"column":21},"end":{"line":9,"column":24}},"8":{"start":{"line":10,"column":20},"end":{"line":10,"column":36}},"9":{"start":{"line":11,"column":8},"end":{"line":11,"column":24}},"10":{"start":{"line":14,"column":8},"end":{"line":14,"column":45}},"11":{"start":{"line":20,"column":0},"end":{"line":32,"column":2}},"12":{"start":{"line":21,"column":28},"end":{"line":21,"column":36}},"13":{"start":{"line":22,"column":4},"end":{"line":30,"column":5}},"14":{"start":{"line":23,"column":19},"end":{"line":23,"column":66}},"15":{"start":{"line":24,"column":8},"end":{"line":25,"column":41}},"16":{"start":{"line":25,"column":24},"end":{"line":25,"column":40}},"17":{"start":{"line":26,"column":8},"end":{"line":26,"column":47}},"18":{"start":{"line":29,"column":8},"end":{"line":29,"column":45}},"19":{"start":{"line":34,"column":0},"end":{"line":34,"column":24}}},"fnMap":{"0":{"name":"(anonymous_0)","decl":{"start":{"line":5,"column":22},"end":{"line":5,"column":23}},"loc":{"start":{"line":5,"column":39},"end":{"line":16,"column":1}},"line":5},"1":{"name":"(anonymous_1)","decl":{"start":{"line":9,"column":14},"end":{"line":9,"column":15}},"loc":{"start":{"line":9,"column":21},"end":{"line":9,"column":24}},"line":9},"2":{"name":"(anonymous_2)","decl":{"start":{"line":10,"column":15},"end":{"line":10,"column":16}},"loc":{"start":{"line":10,"column":20},"end":{"line":10,"column":36}},"line":10},"3":{"name":"(anonymous_3)","decl":{"start":{"line":20,"column":25},"end":{"line":20,"column":26}},"loc":{"start":{"line":20,"column":42},"end":{"line":32,"column":1}},"line":20},"4":{"name":"(anonymous_4)","decl":{"start":{"line":25,"column":19},"end":{"line":25,"column":20}},"loc":{"start":{"line":25,"column":24},"end":{"line":25,"column":40}},"line":25}},"branchMap":{},"s":{"0":4,"1":4,"2":4,"3":4,"4":1,"5":1,"6":1,"7":1,"8":0,"9":1,"10":0,"11":4,"12":1,"13":1,"14":1,"15":1,"16":0,"17":1,"18":0,"19":4},"f":{"0":1,"1":1,"2":0,"3":1,"4":0},"b":{},"_coverageSchema":"1a1c01bbd47fc00a2c39e90264f33305004495a9","hash":"6626673c08c3b566a3551feb4bac1e8964c2e83a"}
,"/Users/akhilthomas/Desktop/blog/routes/register.js": {"path":"/Users/akhilthomas/Desktop/blog/routes/register.js","statementMap":{"0":{"start":{"line":1,"column":15},"end":{"line":1,"column":42}},"1":{"start":{"line":2,"column":15},"end":{"line":2,"column":34}},"2":{"start":{"line":3,"column":12},"end":{"line":3,"column":35}},"3":{"start":{"line":4,"column":36},"end":{"line":4,"column":64}},"4":{"start":{"line":5,"column":15},"end":{"line":5,"column":32}},"5":{"start":{"line":6,"column":14},"end":{"line":6,"column":42}},"6":{"start":{"line":7,"column":18},"end":{"line":7,"column":42}},"7":{"start":{"line":8,"column":20},"end":{"line":8,"column":56}},"8":{"start":{"line":11,"column":0},"end":{"line":50,"column":4}},"9":{"start":{"line":21,"column":34},"end":{"line":21,"column":42}},"10":{"start":{"line":22,"column":21},"end":{"line":22,"column":42}},"11":{"start":{"line":23,"column":6},"end":{"line":26,"column":7}},"12":{"start":{"line":25,"column":10},"end":{"line":25,"column":65}},"13":{"start":{"line":30,"column":6},"end":{"line":49,"column":7}},"14":{"start":{"line":31,"column":21},"end":{"line":31,"column":45}},"15":{"start":{"line":32,"column":8},"end":{"line":32,"column":59}},"16":{"start":{"line":33,"column":20},"end":{"line":33,"column":64}},"17":{"start":{"line":34,"column":8},"end":{"line":34,"column":81}},"18":{"start":{"line":34,"column":64},"end":{"line":34,"column":80}},"19":{"start":{"line":37,"column":24},"end":{"line":41,"column":9}},"20":{"start":{"line":42,"column":8},"end":{"line":45,"column":11}},"21":{"start":{"line":43,"column":10},"end":{"line":43,"column":29}},"22":{"start":{"line":43,"column":19},"end":{"line":43,"column":29}},"23":{"start":{"line":44,"column":10},"end":{"line":44,"column":30}},"24":{"start":{"line":47,"column":8},"end":{"line":47,"column":45}},"25":{"start":{"line":52,"column":0},"end":{"line":52,"column":24}}},"fnMap":{"0":{"name":"(anonymous_0)","decl":{"start":{"line":18,"column":2},"end":{"line":18,"column":3}},"loc":{"start":{"line":18,"column":18},"end":{"line":50,"column":3}},"line":18},"1":{"name":"(anonymous_1)","decl":{"start":{"line":34,"column":57},"end":{"line":34,"column":58}},"loc":{"start":{"line":34,"column":64},"end":{"line":34,"column":80}},"line":34},"2":{"name":"(anonymous_2)","decl":{"start":{"line":42,"column":60},"end":{"line":42,"column":61}},"loc":{"start":{"line":42,"column":76},"end":{"line":45,"column":9}},"line":42}},"branchMap":{"0":{"loc":{"start":{"line":23,"column":6},"end":{"line":26,"column":7}},"type":"if","locations":[{"start":{"line":23,"column":6},"end":{"line":26,"column":7}},{"start":{"line":23,"column":6},"end":{"line":26,"column":7}}],"line":23},"1":{"loc":{"start":{"line":43,"column":10},"end":{"line":43,"column":29}},"type":"if","locations":[{"start":{"line":43,"column":10},"end":{"line":43,"column":29}},{"start":{"line":43,"column":10},"end":{"line":43,"column":29}}],"line":43}},"s":{"0":4,"1":4,"2":4,"3":4,"4":4,"5":4,"6":4,"7":4,"8":4,"9":2,"10":2,"11":2,"12":1,"13":1,"14":1,"15":1,"16":1,"17":1,"18":0,"19":1,"20":1,"21":1,"22":0,"23":1,"24":0,"25":4},"f":{"0":2,"1":0,"2":1},"b":{"0":[1,1],"1":[0,1]},"_coverageSchema":"1a1c01bbd47fc00a2c39e90264f33305004495a9","hash":"9a9c53f40e519b8d4016c912922e134280218fb6"}
,"/Users/akhilthomas/Desktop/blog/routes/user.js": {"path":"/Users/akhilthomas/Desktop/blog/routes/user.js","statementMap":{"0":{"start":{"line":1,"column":16},"end":{"line":1,"column":34}},"1":{"start":{"line":2,"column":15},"end":{"line":2,"column":31}},"2":{"start":{"line":3,"column":36},"end":{"line":3,"column":64}},"3":{"start":{"line":4,"column":12},"end":{"line":4,"column":35}},"4":{"start":{"line":5,"column":15},"end":{"line":5,"column":34}},"5":{"start":{"line":6,"column":15},"end":{"line":6,"column":32}},"6":{"start":{"line":7,"column":18},"end":{"line":7,"column":42}},"7":{"start":{"line":8,"column":14},"end":{"line":8,"column":42}},"8":{"start":{"line":12,"column":0},"end":{"line":56,"column":2}},"9":{"start":{"line":16,"column":32},"end":{"line":16,"column":40}},"10":{"start":{"line":18,"column":19},"end":{"line":18,"column":40}},"11":{"start":{"line":19,"column":4},"end":{"line":21,"column":5}},"12":{"start":{"line":20,"column":6},"end":{"line":20,"column":61}},"13":{"start":{"line":22,"column":4},"end":{"line":54,"column":5}},"14":{"start":{"line":23,"column":18},"end":{"line":23,"column":79}},"15":{"start":{"line":25,"column":21},"end":{"line":27,"column":37}},"16":{"start":{"line":26,"column":21},"end":{"line":26,"column":24}},"17":{"start":{"line":27,"column":20},"end":{"line":27,"column":36}},"18":{"start":{"line":29,"column":8},"end":{"line":33,"column":9}},"19":{"start":{"line":30,"column":12},"end":{"line":32,"column":73}},"20":{"start":{"line":34,"column":24},"end":{"line":34,"column":71}},"21":{"start":{"line":35,"column":8},"end":{"line":39,"column":11}},"22":{"start":{"line":36,"column":12},"end":{"line":38,"column":75}},"23":{"start":{"line":41,"column":24},"end":{"line":45,"column":11}},"24":{"start":{"line":46,"column":8},"end":{"line":49,"column":10}},"25":{"start":{"line":47,"column":12},"end":{"line":47,"column":29}},"26":{"start":{"line":47,"column":20},"end":{"line":47,"column":29}},"27":{"start":{"line":48,"column":12},"end":{"line":48,"column":29}},"28":{"start":{"line":52,"column":6},"end":{"line":52,"column":31}},"29":{"start":{"line":53,"column":6},"end":{"line":53,"column":43}},"30":{"start":{"line":59,"column":0},"end":{"line":59,"column":24}}},"fnMap":{"0":{"name":"(anonymous_0)","decl":{"start":{"line":15,"column":3},"end":{"line":15,"column":4}},"loc":{"start":{"line":15,"column":20},"end":{"line":56,"column":1}},"line":15},"1":{"name":"(anonymous_1)","decl":{"start":{"line":26,"column":14},"end":{"line":26,"column":15}},"loc":{"start":{"line":26,"column":21},"end":{"line":26,"column":24}},"line":26},"2":{"name":"(anonymous_2)","decl":{"start":{"line":27,"column":15},"end":{"line":27,"column":16}},"loc":{"start":{"line":27,"column":20},"end":{"line":27,"column":36}},"line":27},"3":{"name":"(anonymous_3)","decl":{"start":{"line":46,"column":53},"end":{"line":46,"column":54}},"loc":{"start":{"line":46,"column":66},"end":{"line":49,"column":9}},"line":46}},"branchMap":{"0":{"loc":{"start":{"line":19,"column":4},"end":{"line":21,"column":5}},"type":"if","locations":[{"start":{"line":19,"column":4},"end":{"line":21,"column":5}},{"start":{"line":19,"column":4},"end":{"line":21,"column":5}}],"line":19},"1":{"loc":{"start":{"line":29,"column":8},"end":{"line":33,"column":9}},"type":"if","locations":[{"start":{"line":29,"column":8},"end":{"line":33,"column":9}},{"start":{"line":29,"column":8},"end":{"line":33,"column":9}}],"line":29},"2":{"loc":{"start":{"line":35,"column":8},"end":{"line":39,"column":11}},"type":"if","locations":[{"start":{"line":35,"column":8},"end":{"line":39,"column":11}},{"start":{"line":35,"column":8},"end":{"line":39,"column":11}}],"line":35},"3":{"loc":{"start":{"line":47,"column":12},"end":{"line":47,"column":29}},"type":"if","locations":[{"start":{"line":47,"column":12},"end":{"line":47,"column":29}},{"start":{"line":47,"column":12},"end":{"line":47,"column":29}}],"line":47}},"s":{"0":4,"1":4,"2":4,"3":4,"4":4,"5":4,"6":4,"7":4,"8":4,"9":4,"10":4,"11":4,"12":0,"13":4,"14":4,"15":4,"16":4,"17":0,"18":4,"19":1,"20":3,"21":3,"22":0,"23":3,"24":3,"25":3,"26":0,"27":3,"28":0,"29":0,"30":4},"f":{"0":4,"1":4,"2":0,"3":3},"b":{"0":[0,4],"1":[1,3],"2":[0,3],"3":[0,3]},"_coverageSchema":"1a1c01bbd47fc00a2c39e90264f33305004495a9","hash":"9380cee0aba1622e2c386a3f6c47e320cd051caf"}
,"/Users/akhilthomas/Desktop/blog/routes/middlewares/auth.js": {"path":"/Users/akhilthomas/Desktop/blog/routes/middlewares/auth.js","statementMap":{"0":{"start":{"line":1,"column":12},"end":{"line":1,"column":35}},"1":{"start":{"line":2,"column":15},"end":{"line":2,"column":32}},"2":{"start":{"line":3,"column":18},"end":{"line":3,"column":42}},"3":{"start":{"line":5,"column":0},"end":{"line":22,"column":1}},"4":{"start":{"line":7,"column":18},"end":{"line":7,"column":44}},"5":{"start":{"line":9,"column":4},"end":{"line":11,"column":5}},"6":{"start":{"line":10,"column":8},"end":{"line":10,"column":80}},"7":{"start":{"line":13,"column":4},"end":{"line":20,"column":5}},"8":{"start":{"line":14,"column":24},"end":{"line":14,"column":51}},"9":{"start":{"line":15,"column":8},"end":{"line":15,"column":32}},"10":{"start":{"line":16,"column":8},"end":{"line":16,"column":15}},"11":{"start":{"line":19,"column":8},"end":{"line":19,"column":55}}},"fnMap":{"0":{"name":"(anonymous_0)","decl":{"start":{"line":5,"column":17},"end":{"line":5,"column":18}},"loc":{"start":{"line":5,"column":39},"end":{"line":22,"column":1}},"line":5}},"branchMap":{"0":{"loc":{"start":{"line":9,"column":4},"end":{"line":11,"column":5}},"type":"if","locations":[{"start":{"line":9,"column":4},"end":{"line":11,"column":5}},{"start":{"line":9,"column":4},"end":{"line":11,"column":5}}],"line":9}},"s":{"0":4,"1":4,"2":4,"3":4,"4":4,"5":4,"6":2,"7":2,"8":2,"9":2,"10":2,"11":0},"f":{"0":4},"b":{"0":[2,2]},"_coverageSchema":"1a1c01bbd47fc00a2c39e90264f33305004495a9","hash":"9514b5f67f17cf2458376b5d866d663574a0d251"}
,"/Users/akhilthomas/Desktop/blog/routes/middlewares/nameChecker.js": {"path":"/Users/akhilthomas/Desktop/blog/routes/middlewares/nameChecker.js","statementMap":{"0":{"start":{"line":1,"column":14},"end":{"line":1,"column":45}},"1":{"start":{"line":3,"column":0},"end":{"line":24,"column":1}},"2":{"start":{"line":5,"column":14},"end":{"line":5,"column":74}},"3":{"start":{"line":6,"column":19},"end":{"line":10,"column":33}},"4":{"start":{"line":8,"column":8},"end":{"line":8,"column":18}},"5":{"start":{"line":10,"column":16},"end":{"line":10,"column":32}},"6":{"start":{"line":12,"column":4},"end":{"line":22,"column":5}},"7":{"start":{"line":13,"column":8},"end":{"line":15,"column":14}},"8":{"start":{"line":17,"column":9},"end":{"line":22,"column":5}},"9":{"start":{"line":18,"column":8},"end":{"line":20,"column":13}},"10":{"start":{"line":23,"column":4},"end":{"line":23,"column":10}}},"fnMap":{"0":{"name":"isUserNameUnique","decl":{"start":{"line":3,"column":32},"end":{"line":3,"column":48}},"loc":{"start":{"line":3,"column":62},"end":{"line":24,"column":1}},"line":3},"1":{"name":"(anonymous_1)","decl":{"start":{"line":7,"column":10},"end":{"line":7,"column":11}},"loc":{"start":{"line":7,"column":15},"end":{"line":9,"column":5}},"line":7},"2":{"name":"(anonymous_2)","decl":{"start":{"line":10,"column":11},"end":{"line":10,"column":12}},"loc":{"start":{"line":10,"column":16},"end":{"line":10,"column":32}},"line":10}},"branchMap":{"0":{"loc":{"start":{"line":12,"column":4},"end":{"line":22,"column":5}},"type":"if","locations":[{"start":{"line":12,"column":4},"end":{"line":22,"column":5}},{"start":{"line":12,"column":4},"end":{"line":22,"column":5}}],"line":12},"1":{"loc":{"start":{"line":17,"column":9},"end":{"line":22,"column":5}},"type":"if","locations":[{"start":{"line":17,"column":9},"end":{"line":22,"column":5}},{"start":{"line":17,"column":9},"end":{"line":22,"column":5}}],"line":17}},"s":{"0":4,"1":4,"2":4,"3":4,"4":4,"5":0,"6":4,"7":1,"8":3,"9":1,"10":2},"f":{"0":4,"1":4,"2":0},"b":{"0":[1,3],"1":[1,2]},"_coverageSchema":"1a1c01bbd47fc00a2c39e90264f33305004495a9","hash":"17d1f1fc3b37e421e5c540b8a5a166f2efb4316a"}
}
